01:08:2022 - 05:53:19.464 DEBUG buffer.PooledByteBufAllocator [TestNG-tests-1] - -Dio.netty.allocator.maxCachedByteBuffersPerChunk: 1023
01:08:2022 - 05:53:19.477 DEBUG buffer.ByteBufUtil [TestNG-tests-1] - -Dio.netty.allocator.type: pooled
01:08:2022 - 05:53:19.477 DEBUG buffer.ByteBufUtil [TestNG-tests-1] - -Dio.netty.threadLocalDirectBufferSize: 0
01:08:2022 - 05:53:19.477 DEBUG buffer.ByteBufUtil [TestNG-tests-1] - -Dio.netty.maxThreadLocalCharBufferSize: 16384
01:08:2022 - 05:53:22.138 DEBUG channel.DefaultChannelId [Forwarding newSession on session null to remote] - -Dio.netty.processId: 8876 (auto-detected)
01:08:2022 - 05:53:22.143 DEBUG util.NetUtil [Forwarding newSession on session null to remote] - -Djava.net.preferIPv4Stack: false
01:08:2022 - 05:53:22.143 DEBUG util.NetUtil [Forwarding newSession on session null to remote] - -Djava.net.preferIPv6Addresses: false
01:08:2022 - 05:53:22.312 DEBUG util.NetUtilInitializations [Forwarding newSession on session null to remote] - Loopback interface: lo (Software Loopback Interface 1, 127.0.0.1)
01:08:2022 - 05:53:22.313 DEBUG util.NetUtil [Forwarding newSession on session null to remote] - Failed to get SOMAXCONN from sysctl and file \proc\sys\net\core\somaxconn. Default: 200
01:08:2022 - 05:53:22.489 DEBUG channel.DefaultChannelId [Forwarding newSession on session null to remote] - -Dio.netty.machineId: b4:6d:83:ff:fe:de:56:a7 (auto-detected)
01:08:2022 - 05:53:22.693 DEBUG buffer.AbstractByteBuf [AsyncHttpClient-1-3] - -Dio.netty.buffer.checkAccessible: true
01:08:2022 - 05:53:22.693 DEBUG buffer.AbstractByteBuf [AsyncHttpClient-1-3] - -Dio.netty.buffer.checkBounds: true
01:08:2022 - 05:53:22.693 DEBUG util.ResourceLeakDetectorFactory [AsyncHttpClient-1-3] - Loaded default ResourceLeakDetector: io.netty.util.ResourceLeakDetector@2002dc5a
01:08:2022 - 05:53:22.738 DEBUG util.Recycler [AsyncHttpClient-1-3] - -Dio.netty.recycler.maxCapacityPerThread: 4096
01:08:2022 - 05:53:22.738 DEBUG util.Recycler [AsyncHttpClient-1-3] - -Dio.netty.recycler.ratio: 8
01:08:2022 - 05:53:22.739 DEBUG util.Recycler [AsyncHttpClient-1-3] - -Dio.netty.recycler.chunkSize: 32
01:08:2022 - 05:53:22.739 DEBUG util.Recycler [AsyncHttpClient-1-3] - -Dio.netty.recycler.blocking: false
01:08:2022 - 05:53:25.506 DEBUG compression.Brotli [AsyncHttpClient-1-3] - brotli4j not in the classpath; Brotli support will be unavailable.
01:08:2022 - 05:53:26.305 DEBUG internal.ThreadLocalRandom [TestNG-tests-3] - -Dio.netty.initialSeedUniquifier: 0x680684d4e5adfb55
01:08:2022 - 05:53:26.625 INFO SeleniumTesting.validatingTitle [TestNG-tests-3] - chrome browser intialized for valtitle class
01:08:2022 - 05:53:26.630 INFO SeleniumTesting.HomePage [TestNG-tests-2] - chrome browser intialized
01:08:2022 - 05:53:26.635 INFO SeleniumTesting.AssertValidation [TestNG-tests-1] - Broswer invoking
01:08:2022 - 05:53:40.933 INFO SeleniumTesting.AssertValidation [TestNG-tests-1] - landed on the required page
01:08:2022 - 05:53:44.636 INFO SeleniumTesting.AssertValidation [TestNG-tests-1] - click option is done
01:08:2022 - 05:53:45.331 INFO SeleniumTesting.AssertValidation [TestNG-tests-1] - content is displayed 
01:08:2022 - 05:53:45.668 INFO SeleniumTesting.AssertValidation [TestNG-tests-1] - AssertValidation class browser is closed
01:08:2022 - 05:53:49.403 INFO SeleniumTesting.HomePage [TestNG-tests-2] - entered the credentials
01:08:2022 - 05:53:49.490 INFO SeleniumTesting.HomePage [TestNG-tests-2] - context is displayed
01:08:2022 - 05:53:53.560 INFO SeleniumTesting.HomePage [TestNG-tests-2] - entered the credentials
01:08:2022 - 05:53:53.609 INFO SeleniumTesting.HomePage [TestNG-tests-2] - context is displayed
01:08:2022 - 05:53:53.696 TRACE websocketx.WebSocket08FrameEncoder [AsyncHttpClient-1-9] - Encoding WebSocket Frame opCode=8 length=26
01:08:2022 - 05:53:54.432 INFO SeleniumTesting.HomePage [TestNG-tests-2] - home page class browser is closed
01:08:2022 - 05:53:54.433 INFO SeleniumTesting.HomePage [TestNG-tests-2] - Test Completed
